newland|499142110330480012395088|e7db73cbc384486a82cc4beb70c0aaeb|DTM|4454754|4454755|TRY|cmc-cdm-microservice|com.newland.crm.cdm.user.controller.UserInfoController|getUserPwd|START|20210830130000166||||
newland|499142110330480012395088|e7db73cbc384486a82cc4beb70c0aaeb|DTM|4454754|4454755|TRY|cmc-cdm-microservice|com.newland.crm.cdm.user.controller.UserInfoController|getUserPwd|END|20210830130000166|20210830130000197|0|0|
newland|499142110330480012395088|e7db73cbc384486a82cc4beb70c0aaeb|DTM|4454754|4454755|CONFIRM|cmc-cdm-microservice|com.newland.crm.cdm.common.controller.BaseController|confirm|START|20210830130000566||||
newland|499142110330480012395088|e7db73cbc384486a82cc4beb70c0aaeb|DTM|4454754|4454755|CONFIRM|cmc-cdm-microservice|com.newland.crm.cdm.common.controller.BaseController|confirm|END|20210830130000566|20210830130000578|0|0|
newland|499142110330730013435419|64ef9e402fbe4fde8bc06131af6c2f74|DTM|4454768|4454769|TRY|cmc-cdm-microservice|com.newland.crm.cdm.user.controller.UserInfoController|getUserPwd|START|20210830130030152||||
newland|499142110330730013435419|64ef9e402fbe4fde8bc06131af6c2f74|DTM|4454768|4454769|TRY|cmc-cdm-microservice|com.newland.crm.cdm.user.controller.UserInfoController|getUserPwd|END|20210830130030152|20210830130030181|0|0|
newland|499142110330730013435419|64ef9e402fbe4fde8bc06131af6c2f74|DTM|4454768|4454769|CONFIRM|cmc-cdm-microservice|com.newland.crm.cdm.common.controller.BaseController|confirm|START|20210830130030561||||
newland|499142110330730013435419|64ef9e402fbe4fde8bc06131af6c2f74|DTM|4454768|4454769|CONFIRM|cmc-cdm-microservice|com.newland.crm.cdm.common.controller.BaseController|confirm|END|20210830130030561|20210830130030572|0|0|
newland|499143110340340002887020|d78f51385a4e4ee498b5d824514397ed|DTM|4454780|4454781|TRY|cmc-cdm-microservice|com.newland.crm.cdm.user.controller.UserInfoController|getUserPwd|START|20210830130128150||||
newland|499143110340340002887020|d78f51385a4e4ee498b5d824514397ed|DTM|4454780|4454781|TRY|cmc-cdm-microservice|com.newland.crm.cdm.user.controller.UserInfoController|getUserPwd|END|20210830130128150|20210830130128174|0|0|
newland|499143110340340002887020|d78f51385a4e4ee498b5d824514397ed|DTM|4454780|4454781|CONFIRM|cmc-cdm-microservice|com.newland.crm.cdm.common.controller.BaseController|confirm|START|20210830130128545||||
newland|499143110340340002887020|d78f51385a4e4ee498b5d824514397ed|DTM|4454780|4454781|CONFIRM|cmc-cdm-microservice|com.newland.crm.cdm.common.controller.BaseController|confirm|END|20210830130128545|20210830130128554|0|0|
newland|499143110340240017040530|16d08b6c60e046bb92ce19d45129610e|DTM|4454822|4454823|TRY|cmc-cdm-microservice|com.newland.crm.cdm.user.controller.UserInfoController|getUserPwd|START|20210830130509186||||
newland|499143110340240017040530|16d08b6c60e046bb92ce19d45129610e|DTM|4454822|4454823|TRY|cmc-cdm-microservice|com.newland.crm.cdm.user.controller.UserInfoController|getUserPwd|END|20210830130509186|20210830130509214|0|0|
newland|499143110340240017040530|16d08b6c60e046bb92ce19d45129610e|DTM|4454822|4454823|CONFIRM|cmc-cdm-microservice|com.newland.crm.cdm.common.controller.BaseController|confirm|START|20210830130509569||||
newland|499143110340240017040530|16d08b6c60e046bb92ce19d45129610e|DTM|4454822|4454823|CONFIRM|cmc-cdm-microservice|com.newland.crm.cdm.common.controller.BaseController|confirm|END|20210830130509569|20210830130509579|0|0|
newland|499143110340690004181224|42430317cbb24f87af6200074c124083|DTM|281474981137686|281474981137687|TRY|cmc-cdm-microservice|com.newland.crm.cdm.user.controller.UserInfoController|getUserPwd|START|20210830130922149||||
newland|499143110340690004181224|42430317cbb24f87af6200074c124083|DTM|281474981137686|281474981137687|TRY|cmc-cdm-microservice|com.newland.crm.cdm.user.controller.UserInfoController|getUserPwd|END|20210830130922149|20210830130922173|0|0|
newland|499143110340690004181224|42430317cbb24f87af6200074c124083|DTM|281474981137686|281474981137687|CONFIRM|cmc-cdm-microservice|com.newland.crm.cdm.common.controller.BaseController|confirm|START|20210830130922543||||
newland|499143110340690004181224|42430317cbb24f87af6200074c124083|DTM|281474981137686|281474981137687|CONFIRM|cmc-cdm-microservice|com.newland.crm.cdm.common.controller.BaseController|confirm|END|20210830130922543|20210830130922554|0|0|
newland|499140110310660006423868|8c6c8043e0f04fcca2b60dffe1d53031|DTM|281474981137694|281474981137695|TRY|cmc-cdm-microservice|com.newland.crm.cdm.user.controller.UserInfoController|getUserPwd|START|20210830131021153||||
newland|499140110310660006423868|8c6c8043e0f04fcca2b60dffe1d53031|DTM|281474981137694|281474981137695|TRY|cmc-cdm-microservice|com.newland.crm.cdm.user.controller.UserInfoController|getUserPwd|END|20210830131021153|20210830131021186|0|0|
newland|499140110310660006423868|8c6c8043e0f04fcca2b60dffe1d53031|DTM|281474981137694|281474981137695|CONFIRM|cmc-cdm-microservice|com.newland.crm.cdm.common.controller.BaseController|confirm|START|20210830131021581||||
newland|499140110310660006423868|8c6c8043e0f04fcca2b60dffe1d53031|DTM|281474981137694|281474981137695|CONFIRM|cmc-cdm-microservice|com.newland.crm.cdm.common.controller.BaseController|confirm|END|20210830131021581|20210830131021596|0|0|
newland|499142110330670009159102|d201386021664a238735007d6ba49b8a|DTM|281474981137702|281474981137703|TRY|cmc-cdm-microservice|com.newland.crm.cdm.user.controller.UserInfoController|getUserPwd|START|20210830131047322||||
newland|499142110330670009159102|d201386021664a238735007d6ba49b8a|DTM|281474981137702|281474981137703|TRY|cmc-cdm-microservice|com.newland.crm.cdm.user.controller.UserInfoController|getUserPwd|END|20210830131047322|20210830131047346|0|0|
newland|499142110330670009159102|d201386021664a238735007d6ba49b8a|DTM|281474981137702|281474981137703|CONFIRM|cmc-cdm-microservice|com.newland.crm.cdm.common.controller.BaseController|confirm|START|20210830131047713||||
newland|499142110330670009159102|d201386021664a238735007d6ba49b8a|DTM|281474981137702|281474981137703|CONFIRM|cmc-cdm-microservice|com.newland.crm.cdm.common.controller.BaseController|confirm|END|20210830131047713|20210830131047723|0|0|
newland|499143110340790016631207|fe00df171e04469099d4697bf9db731a|DTM|562949957876134|562949957876135|TRY|cmc-cdm-microservice|com.newland.crm.cdm.user.controller.UserInfoController|getUserPwd|START|20210830131126148||||
newland|499143110340790016631207|fe00df171e04469099d4697bf9db731a|DTM|562949957876134|562949957876135|TRY|cmc-cdm-microservice|com.newland.crm.cdm.user.controller.UserInfoController|getUserPwd|END|20210830131126148|20210830131126177|0|0|
newland|499143110340790016631207|fe00df171e04469099d4697bf9db731a|DTM|562949957876134|562949957876135|CONFIRM|cmc-cdm-microservice|com.newland.crm.cdm.common.controller.BaseController|confirm|START|20210830131126549||||
newland|499143110340790016631207|fe00df171e04469099d4697bf9db731a|DTM|562949957876134|562949957876135|CONFIRM|cmc-cdm-microservice|com.newland.crm.cdm.common.controller.BaseController|confirm|END|20210830131126549|20210830131126563|0|0|
newland|499141110320140004862947|3dd7c77f5b8e4e55b4a8e01c017bfd96|DTM|562949957876154|562949957876155|TRY|cmc-cdm-microservice|com.newland.crm.cdm.user.controller.UserInfoController|getUserPwd|START|20210830131240146||||
newland|499141110320140004862947|3dd7c77f5b8e4e55b4a8e01c017bfd96|DTM|562949957876154|562949957876155|TRY|cmc-cdm-microservice|com.newland.crm.cdm.user.controller.UserInfoController|getUserPwd|END|20210830131240146|20210830131240175|0|0|
newland|499141110320140004862947|3dd7c77f5b8e4e55b4a8e01c017bfd96|DTM|562949957876154|562949957876155|CONFIRM|cmc-cdm-microservice|com.newland.crm.cdm.common.controller.BaseController|confirm|START|20210830131240560||||
newland|499141110320140004862947|3dd7c77f5b8e4e55b4a8e01c017bfd96|DTM|562949957876154|562949957876155|CONFIRM|cmc-cdm-microservice|com.newland.crm.cdm.common.controller.BaseController|confirm|END|20210830131240560|20210830131240575|0|0|
newland|499143110340090016023369|ae5cd74755e04974a06d056f45c04ffa|DTM|4454916|4454917|TRY|cmc-cdm-microservice|com.newland.crm.cdm.user.controller.UserInfoController|getUserPwd|START|20210830131246185||||
newland|499143110340090016023369|ae5cd74755e04974a06d056f45c04ffa|DTM|4454916|4454917|TRY|cmc-cdm-microservice|com.newland.crm.cdm.user.controller.UserInfoController|getUserPwd|END|20210830131246185|20210830131246209|0|0|
newland|499143110340090016023369|ae5cd74755e04974a06d056f45c04ffa|DTM|4454916|4454917|CONFIRM|cmc-cdm-microservice|com.newland.crm.cdm.common.controller.BaseController|confirm|START|20210830131246579||||
newland|499143110340090016023369|ae5cd74755e04974a06d056f45c04ffa|DTM|4454916|4454917|CONFIRM|cmc-cdm-microservice|com.newland.crm.cdm.common.controller.BaseController|confirm|END|20210830131246579|20210830131246591|0|0|
newland|499141110320060005801279|5a1f6ac485564cea916471e9652f5bdd|DTM|281474981137738|281474981137739|TRY|cmc-cdm-microservice|com.newland.crm.cdm.user.controller.UserInfoController|getUserPwd|START|20210830131319195||||
newland|499141110320060005801279|5a1f6ac485564cea916471e9652f5bdd|DTM|281474981137738|281474981137739|TRY|cmc-cdm-microservice|com.newland.crm.cdm.user.controller.UserInfoController|getUserPwd|END|20210830131319195|20210830131319219|0|0|
newland|499141110320060005801279|5a1f6ac485564cea916471e9652f5bdd|DTM|281474981137738|281474981137739|CONFIRM|cmc-cdm-microservice|com.newland.crm.cdm.common.controller.BaseController|confirm|START|20210830131319578||||
newland|499141110320060005801279|5a1f6ac485564cea916471e9652f5bdd|DTM|281474981137738|281474981137739|CONFIRM|cmc-cdm-microservice|com.newland.crm.cdm.common.controller.BaseController|confirm|END|20210830131319578|20210830131319588|0|0|
newland|499141110320210017311445|1aa2c983ef32493eabd79bbbf6602232|DTM|281474981137740|281474981137741|TRY|cmc-cdm-microservice|com.newland.crm.cdm.user.controller.UserInfoController|getUserPwd|START|20210830131322709||||
newland|499141110320210017311445|1aa2c983ef32493eabd79bbbf6602232|DTM|281474981137740|281474981137741|TRY|cmc-cdm-microservice|com.newland.crm.cdm.user.controller.UserInfoController|getUserPwd|END|20210830131322709|20210830131322713|1|2|获取用户客户信息失败 【错误代码:2】
newland|499140110310070018909228|dbbdef5bbc43498c921fe85bcce488ba|DTM|4454934|4454935|TRY|cmc-cdm-microservice|com.newland.crm.cdm.user.controller.UserInfoController|getUserPwd|START|20210830131404147||||
newland|499140110310070018909228|dbbdef5bbc43498c921fe85bcce488ba|DTM|4454934|4454935|TRY|cmc-cdm-microservice|com.newland.crm.cdm.user.controller.UserInfoController|getUserPwd|END|20210830131404147|20210830131404171|0|0|
newland|499140110310070018909228|dbbdef5bbc43498c921fe85bcce488ba|DTM|4454934|4454935|CONFIRM|cmc-cdm-microservice|com.newland.crm.cdm.common.controller.BaseController|confirm|START|20210830131404520||||
newland|499140110310070018909228|dbbdef5bbc43498c921fe85bcce488ba|DTM|4454934|4454935|CONFIRM|cmc-cdm-microservice|com.newland.crm.cdm.common.controller.BaseController|confirm|END|20210830131404520|20210830131404531|0|0|
newland|499143110340050015119911|3754e33b675348308def4a78670d6ce9|DTM|4454944|4454945|TRY|cmc-cdm-microservice|com.newland.crm.cdm.user.controller.UserInfoController|getUserPwd|START|20210830131448165||||
newland|499143110340050015119911|3754e33b675348308def4a78670d6ce9|DTM|4454944|4454945|TRY|cmc-cdm-microservice|com.newland.crm.cdm.user.controller.UserInfoController|getUserPwd|END|20210830131448165|20210830131448191|0|0|
newland|499143110340050015119911|3754e33b675348308def4a78670d6ce9|DTM|4454944|4454945|CONFIRM|cmc-cdm-microservice|com.newland.crm.cdm.common.controller.BaseController|confirm|START|20210830131448747||||
newland|499143110340050015119911|3754e33b675348308def4a78670d6ce9|DTM|4454944|4454945|CONFIRM|cmc-cdm-microservice|com.newland.crm.cdm.common.controller.BaseController|confirm|END|20210830131448747|20210830131448761|0|0|
newland|499140110310370013144263|db6ad8219e324e7d967c452fed209e18|DTM|281474981137906|281474981137907|TRY|cmc-cdm-microservice|com.newland.crm.cdm.user.controller.UserInfoController|getUserPwd|START|20210830133211269||||
newland|499140110310370013144263|db6ad8219e324e7d967c452fed209e18|DTM|281474981137906|281474981137907|TRY|cmc-cdm-microservice|com.newland.crm.cdm.user.controller.UserInfoController|getUserPwd|END|20210830133211269|20210830133211293|0|0|
newland|499140110310370013144263|db6ad8219e324e7d967c452fed209e18|DTM|281474981137906|281474981137907|CONFIRM|cmc-cdm-microservice|com.newland.crm.cdm.common.controller.BaseController|confirm|START|20210830133211674||||
newland|499140110310370013144263|db6ad8219e324e7d967c452fed209e18|DTM|281474981137906|281474981137907|CONFIRM|cmc-cdm-microservice|com.newland.crm.cdm.common.controller.BaseController|confirm|END|20210830133211674|20210830133211687|0|0|
newland|499140110310160019923600|dc34d40285d0491aa3809fcfd8b1328b|DTM|562949957876354|562949957876355|TRY|cmc-cdm-microservice|com.newland.crm.cdm.user.controller.UserInfoController|getUserPwd|START|20210830133420249||||
newland|499140110310160019923600|dc34d40285d0491aa3809fcfd8b1328b|DTM|562949957876354|562949957876355|TRY|cmc-cdm-microservice|com.newland.crm.cdm.user.controller.UserInfoController|getUserPwd|END|20210830133420249|20210830133420273|0|0|
newland|499140110310160019923600|dc34d40285d0491aa3809fcfd8b1328b|DTM|562949957876354|562949957876355|CONFIRM|cmc-cdm-microservice|com.newland.crm.cdm.common.controller.BaseController|confirm|START|20210830133420632||||
newland|499140110310160019923600|dc34d40285d0491aa3809fcfd8b1328b|DTM|562949957876354|562949957876355|CONFIRM|cmc-cdm-microservice|com.newland.crm.cdm.common.controller.BaseController|confirm|END|20210830133420632|20210830133420645|0|0|
newland|499140110310340016603825|baca542501294fe7b26c1cc547f3d43a|DTM|4455144|4455145|TRY|cmc-cdm-microservice|com.newland.crm.cdm.user.controller.UserInfoController|getUserPwd|START|20210830133639147||||
newland|499140110310340016603825|baca542501294fe7b26c1cc547f3d43a|DTM|4455144|4455145|TRY|cmc-cdm-microservice|com.newland.crm.cdm.user.controller.UserInfoController|getUserPwd|END|20210830133639147|20210830133639170|0|0|
newland|499140110310340016603825|baca542501294fe7b26c1cc547f3d43a|DTM|4455144|4455145|CONFIRM|cmc-cdm-microservice|com.newland.crm.cdm.common.controller.BaseController|confirm|START|20210830133639516||||
newland|499140110310340016603825|baca542501294fe7b26c1cc547f3d43a|DTM|4455144|4455145|CONFIRM|cmc-cdm-microservice|com.newland.crm.cdm.common.controller.BaseController|confirm|END|20210830133639516|20210830133639527|0|0|
newland|499142110330350008543947|09297f39e4644f45adcb0dcd4f873957|DTM|281474981138014|281474981138015|TRY|cmc-cdm-microservice|com.newland.crm.cdm.user.controller.UserInfoController|getUserPwd|START|20210830134113058||||
newland|499142110330350008543947|09297f39e4644f45adcb0dcd4f873957|DTM|281474981138014|281474981138015|TRY|cmc-cdm-microservice|com.newland.crm.cdm.user.controller.UserInfoController|getUserPwd|END|20210830134113058|20210830134113084|0|0|
newland|499142110330350008543947|09297f39e4644f45adcb0dcd4f873957|DTM|281474981138014|281474981138015|CONFIRM|cmc-cdm-microservice|com.newland.crm.cdm.common.controller.BaseController|confirm|START|20210830134113448||||
newland|499142110330350008543947|09297f39e4644f45adcb0dcd4f873957|DTM|281474981138014|281474981138015|CONFIRM|cmc-cdm-microservice|com.newland.crm.cdm.common.controller.BaseController|confirm|END|20210830134113448|20210830134113458|0|0|
newland|499142110330560006331065|b3fb67b05afd46a7a70342073a253fdc|DTM|4455208|4455209|TRY|cmc-cdm-microservice|com.newland.crm.cdm.user.controller.UserInfoController|getUserPwd|START|20210830134158150||||
newland|499142110330560006331065|b3fb67b05afd46a7a70342073a253fdc|DTM|4455208|4455209|TRY|cmc-cdm-microservice|com.newland.crm.cdm.user.controller.UserInfoController|getUserPwd|END|20210830134158150|20210830134158172|0|0|
newland|499142110330560006331065|b3fb67b05afd46a7a70342073a253fdc|DTM|4455208|4455209|CONFIRM|cmc-cdm-microservice|com.newland.crm.cdm.common.controller.BaseController|confirm|START|20210830134158565||||
newland|499142110330560006331065|b3fb67b05afd46a7a70342073a253fdc|DTM|4455208|4455209|CONFIRM|cmc-cdm-microservice|com.newland.crm.cdm.common.controller.BaseController|confirm|END|20210830134158565|20210830134158576|0|0|
newland|499143110340160004430262|7c82fda33de9449db8d3c73c738bb330|DTM|281474981138034|281474981138035|TRY|cmc-cdm-microservice|com.newland.crm.cdm.user.controller.UserInfoController|getUserPwd|START|20210830134255150||||
newland|499143110340160004430262|7c82fda33de9449db8d3c73c738bb330|DTM|281474981138034|281474981138035|TRY|cmc-cdm-microservice|com.newland.crm.cdm.user.controller.UserInfoController|getUserPwd|END|20210830134255150|20210830134255181|0|0|
newland|499143110340160004430262|7c82fda33de9449db8d3c73c738bb330|DTM|281474981138034|281474981138035|CONFIRM|cmc-cdm-microservice|com.newland.crm.cdm.common.controller.BaseController|confirm|START|20210830134255554||||
newland|499143110340160004430262|7c82fda33de9449db8d3c73c738bb330|DTM|281474981138034|281474981138035|CONFIRM|cmc-cdm-microservice|com.newland.crm.cdm.common.controller.BaseController|confirm|END|20210830134255554|20210830134255564|0|0|
newland|499141110320790001732582|b146b418cfdd44658f0845aab456d8eb|DTM|281474981138052|281474981138053|TRY|cmc-cdm-microservice|com.newland.crm.cdm.user.controller.UserInfoController|getUserPwd|START|20210830134358175||||
newland|499141110320790001732582|b146b418cfdd44658f0845aab456d8eb|DTM|281474981138052|281474981138053|TRY|cmc-cdm-microservice|com.newland.crm.cdm.user.controller.UserInfoController|getUserPwd|END|20210830134358175|20210830134358198|0|0|
newland|499141110320790001732582|b146b418cfdd44658f0845aab456d8eb|DTM|281474981138052|281474981138053|CONFIRM|cmc-cdm-microservice|com.newland.crm.cdm.common.controller.BaseController|confirm|START|20210830134358563||||
newland|499141110320790001732582|b146b418cfdd44658f0845aab456d8eb|DTM|281474981138052|281474981138053|CONFIRM|cmc-cdm-microservice|com.newland.crm.cdm.common.controller.BaseController|confirm|END|20210830134358563|20210830134358574|0|0|
newland|499140110310060005692973|0bed941915634bc9b32c2282bdcdc4b4|DTM|562949957876506|562949957876507|TRY|cmc-cdm-microservice|com.newland.crm.cdm.user.controller.UserInfoController|getUserPwd|START|20210830134723148||||
newland|499140110310060005692973|0bed941915634bc9b32c2282bdcdc4b4|DTM|562949957876506|562949957876507|TRY|cmc-cdm-microservice|com.newland.crm.cdm.user.controller.UserInfoController|getUserPwd|END|20210830134723148|20210830134723186|0|0|
newland|499140110310060005692973|0bed941915634bc9b32c2282bdcdc4b4|DTM|562949957876506|562949957876507|CONFIRM|cmc-cdm-microservice|com.newland.crm.cdm.common.controller.BaseController|confirm|START|20210830134723543||||
newland|499140110310060005692973|0bed941915634bc9b32c2282bdcdc4b4|DTM|562949957876506|562949957876507|CONFIRM|cmc-cdm-microservice|com.newland.crm.cdm.common.controller.BaseController|confirm|END|20210830134723543|20210830134723553|0|0|
newland|499141110320730004892595|9fb2c1bd685b47b48bc3aea4769dfa83|DTM|4455280|4455281|TRY|cmc-cdm-microservice|com.newland.crm.cdm.user.controller.UserInfoController|getUserPwd|START|20210830134756157||||
newland|499141110320730004892595|9fb2c1bd685b47b48bc3aea4769dfa83|DTM|4455280|4455281|TRY|cmc-cdm-microservice|com.newland.crm.cdm.user.controller.UserInfoController|getUserPwd|END|20210830134756157|20210830134756179|0|0|
newland|499141110320730004892595|9fb2c1bd685b47b48bc3aea4769dfa83|DTM|4455280|4455281|CONFIRM|cmc-cdm-microservice|com.newland.crm.cdm.common.controller.BaseController|confirm|START|20210830134756535||||
newland|499141110320730004892595|9fb2c1bd685b47b48bc3aea4769dfa83|DTM|4455280|4455281|CONFIRM|cmc-cdm-microservice|com.newland.crm.cdm.common.controller.BaseController|confirm|END|20210830134756535|20210830134756552|0|0|
newland|499140110310100016896666|0f11144f04194853bd8c5cac0a32a7b1|DTM|4455292|4455293|TRY|cmc-cdm-microservice|com.newland.crm.cdm.user.controller.UserInfoController|getUserPwd|START|20210830134839160||||
newland|499140110310100016896666|0f11144f04194853bd8c5cac0a32a7b1|DTM|4455292|4455293|TRY|cmc-cdm-microservice|com.newland.crm.cdm.user.controller.UserInfoController|getUserPwd|END|20210830134839160|20210830134839187|0|0|
newland|499140110310100016896666|0f11144f04194853bd8c5cac0a32a7b1|DTM|4455292|4455293|CONFIRM|cmc-cdm-microservice|com.newland.crm.cdm.common.controller.BaseController|confirm|START|20210830134839546||||
newland|499140110310100016896666|0f11144f04194853bd8c5cac0a32a7b1|DTM|4455292|4455293|CONFIRM|cmc-cdm-microservice|com.newland.crm.cdm.common.controller.BaseController|confirm|END|20210830134839546|20210830134839557|0|0|
newland|499143110340720019390180|466e41316a34489a872836be9bfc89cf|DTM|281474981138114|281474981138115|TRY|cmc-cdm-microservice|com.newland.crm.cdm.user.controller.UserInfoController|getUserPwd|START|20210830134958151||||
newland|499143110340720019390180|466e41316a34489a872836be9bfc89cf|DTM|281474981138114|281474981138115|TRY|cmc-cdm-microservice|com.newland.crm.cdm.user.controller.UserInfoController|getUserPwd|END|20210830134958151|20210830134958175|0|0|
newland|499143110340720019390180|466e41316a34489a872836be9bfc89cf|DTM|281474981138114|281474981138115|CONFIRM|cmc-cdm-microservice|com.newland.crm.cdm.common.controller.BaseController|confirm|START|20210830134958532||||
newland|499143110340720019390180|466e41316a34489a872836be9bfc89cf|DTM|281474981138114|281474981138115|CONFIRM|cmc-cdm-microservice|com.newland.crm.cdm.common.controller.BaseController|confirm|END|20210830134958532|20210830134958543|0|0|
newland|499141110320450005354715|08f2bc8e482646159332bb27b7f91bf5|DTM|4455366|4455367|TRY|cmc-cdm-microservice|com.newland.crm.cdm.user.controller.UserInfoController|getUserPwd|START|20210830135602178||||
newland|499141110320450005354715|08f2bc8e482646159332bb27b7f91bf5|DTM|4455366|4455367|TRY|cmc-cdm-microservice|com.newland.crm.cdm.user.controller.UserInfoController|getUserPwd|END|20210830135602178|20210830135602203|0|0|
newland|499141110320450005354715|08f2bc8e482646159332bb27b7f91bf5|DTM|4455366|4455367|CONFIRM|cmc-cdm-microservice|com.newland.crm.cdm.common.controller.BaseController|confirm|START|20210830135602602||||
newland|499141110320450005354715|08f2bc8e482646159332bb27b7f91bf5|DTM|4455366|4455367|CONFIRM|cmc-cdm-microservice|com.newland.crm.cdm.common.controller.BaseController|confirm|END|20210830135602602|20210830135602613|0|0|
newland|499140110310240003567473|9e9396322ab34a01b5288a03389d6d0b|DTM|562949957876598|562949957876599|TRY|cmc-cdm-microservice|com.newland.crm.cdm.user.controller.UserInfoController|getUserPwd|START|20210830135620152||||
newland|499140110310240003567473|9e9396322ab34a01b5288a03389d6d0b|DTM|562949957876598|562949957876599|TRY|cmc-cdm-microservice|com.newland.crm.cdm.user.controller.UserInfoController|getUserPwd|END|20210830135620152|20210830135620176|0|0|
newland|499140110310240003567473|9e9396322ab34a01b5288a03389d6d0b|DTM|562949957876598|562949957876599|CONFIRM|cmc-cdm-microservice|com.newland.crm.cdm.common.controller.BaseController|confirm|START|20210830135620544||||
newland|499140110310240003567473|9e9396322ab34a01b5288a03389d6d0b|DTM|562949957876598|562949957876599|CONFIRM|cmc-cdm-microservice|com.newland.crm.cdm.common.controller.BaseController|confirm|END|20210830135620544|20210830135620557|0|0|
newland|499140110310340000322106|d12eb52d6c2d4c87acb488eee20ec15f|DTM|562949957876634|562949957876635|TRY|cmc-cdm-microservice|com.newland.crm.cdm.user.controller.UserInfoController|getUserPwd|START|20210830135907159||||
newland|499140110310340000322106|d12eb52d6c2d4c87acb488eee20ec15f|DTM|562949957876634|562949957876635|TRY|cmc-cdm-microservice|com.newland.crm.cdm.user.controller.UserInfoController|getUserPwd|END|20210830135907159|20210830135907184|0|0|
newland|499140110310340000322106|d12eb52d6c2d4c87acb488eee20ec15f|DTM|562949957876634|562949957876635|CONFIRM|cmc-cdm-microservice|com.newland.crm.cdm.common.controller.BaseController|confirm|START|20210830135907556||||
newland|499140110310340000322106|d12eb52d6c2d4c87acb488eee20ec15f|DTM|562949957876634|562949957876635|CONFIRM|cmc-cdm-microservice|com.newland.crm.cdm.common.controller.BaseController|confirm|END|20210830135907556|20210830135907566|0|0|
